c:\users\ccg\desktop\p2\despliegue3dplantilla-master\despliegue3dplantilla\release\vc140.pdb
c:\users\ccg\desktop\p2\despliegue3dplantilla-master\despliegue3dplantilla\release\userinterface.obj
c:\users\ccg\desktop\p2\despliegue3dplantilla-master\despliegue3dplantilla\release\soff.obj
c:\users\ccg\desktop\p2\despliegue3dplantilla-master\despliegue3dplantilla\release\model.obj
c:\users\ccg\desktop\p2\despliegue3dplantilla-master\despliegue3dplantilla\release\main.obj
c:\users\ccg\desktop\p2\despliegue3dplantilla-master\despliegue3dplantilla\release\obj.obj
c:\users\leonardo\desktop\universidad\despliegue3dplantilla-master\despliegue3dplantilla\release\vc141.pdb
c:\users\leonardo\desktop\universidad\despliegue3dplantilla-master\despliegue3dplantilla\release\userinterface.obj
c:\users\leonardo\desktop\universidad\despliegue3dplantilla-master\despliegue3dplantilla\release\soff.obj
c:\users\leonardo\desktop\universidad\despliegue3dplantilla-master\despliegue3dplantilla\release\offloader.obj
c:\users\leonardo\desktop\universidad\despliegue3dplantilla-master\despliegue3dplantilla\release\objloader.obj
c:\users\leonardo\desktop\universidad\despliegue3dplantilla-master\despliegue3dplantilla\release\model.obj
c:\users\leonardo\desktop\universidad\despliegue3dplantilla-master\despliegue3dplantilla\release\main.obj
c:\users\leonardo\desktop\universidad\despliegue3dplantilla-master\release\despliegue3dplantilla.ipdb
c:\users\leonardo\desktop\universidad\despliegue3dplantilla-master\release\despliegue3dplantilla.iobj
c:\users\leonardo\desktop\universidad\despliegue3dplantilla-master\release\despliegue3dplantilla.exe
c:\users\leonardo\desktop\universidad\despliegue3dplantilla-master\release\despliegue3dplantilla.pdb
c:\users\leonardo\desktop\universidad\despliegue3dplantilla-master\despliegue3dplantilla\release\obj.obj
c:\users\leonardo\desktop\universidad\despliegue3dplantilla-master\despliegue3dplantilla\release\vc140.pdb
c:\users\leonardo\desktop\universidad\despliegue3dplantilla-master\despliegue3dplantilla\release\desplieg.2e1c961b.tlog\cl.command.1.tlog
c:\users\leonardo\desktop\universidad\despliegue3dplantilla-master\despliegue3dplantilla\release\desplieg.2e1c961b.tlog\cl.read.1.tlog
c:\users\leonardo\desktop\universidad\despliegue3dplantilla-master\despliegue3dplantilla\release\desplieg.2e1c961b.tlog\cl.write.1.tlog
c:\users\leonardo\desktop\universidad\despliegue3dplantilla-master\despliegue3dplantilla\release\desplieg.2e1c961b.tlog\despliegue3dplantilla.write.1u.tlog
c:\users\leonardo\desktop\universidad\despliegue3dplantilla-master\despliegue3dplantilla\release\desplieg.2e1c961b.tlog\link.command.1.tlog
c:\users\leonardo\desktop\universidad\despliegue3dplantilla-master\despliegue3dplantilla\release\desplieg.2e1c961b.tlog\link.read.1.tlog
c:\users\leonardo\desktop\universidad\despliegue3dplantilla-master\despliegue3dplantilla\release\desplieg.2e1c961b.tlog\link.write.1.tlog
